<?xml version="1.0" encoding="UTF-8"?>
<testng-results ignored="0" total="1" passed="1" failed="0" skipped="0">
  <reporter-output>
  </reporter-output>
  <suite started-at="2023-06-09T20:05:24 IST" name="Default suite" finished-at="2023-06-09T20:05:36 IST" duration-ms="11728">
    <groups>
    </groups>
    <test started-at="2023-06-09T20:05:24 IST" name="Default test" finished-at="2023-06-09T20:05:36 IST" duration-ms="11728">
      <class name="TestLayer.LoginPageTest">
        <test-method is-config="true" signature="setUp()[pri:0, instance:TestLayer.LoginPageTest@342c38f8]" started-at="2023-06-09T20:05:24 IST" name="setUp" finished-at="2023-06-09T20:05:29 IST" duration-ms="5025" status="PASS">
          <reporter-output>
          </reporter-output>
        </test-method> <!-- setUp -->
        <test-method signature="ValidateRegisterPageFunctionality()[pri:0, instance:TestLayer.LoginPageTest@342c38f8]" started-at="2023-06-09T20:05:29 IST" name="ValidateRegisterPageFunctionality" finished-at="2023-06-09T20:05:32 IST" duration-ms="2578" status="PASS">
          <reporter-output>
          </reporter-output>
        </test-method> <!-- ValidateRegisterPageFunctionality -->
        <test-method is-config="true" signature="tearDown()[pri:0, instance:TestLayer.LoginPageTest@342c38f8]" started-at="2023-06-09T20:05:32 IST" name="tearDown" finished-at="2023-06-09T20:05:36 IST" duration-ms="4102" status="PASS">
          <reporter-output>
          </reporter-output>
        </test-method> <!-- tearDown -->
      </class> <!-- TestLayer.LoginPageTest -->
    </test> <!-- Default test -->
  </suite> <!-- Default suite -->
</testng-results>
